This is XeTeX, Version 3.141592653-2.6-0.999994 (TeX Live 2022) (preloaded format=xelatex 2022.9.10)  2 JAN 2023 17:09
entering extended mode
 restricted \write18 enabled.
 file:line:error style messages enabled.
 %&-line parsing enabled.
**c:/Users/jonat/Documents/Najan/najan.tex
(c:/Users/jonat/Documents/Najan/najan.tex
LaTeX2e <2022-06-01> patch level 5
L3 programming layer <2022-08-30>

! LaTeX Error: File `common-header.tex' not found.

Type X to quit or <RETURN> to proceed,
or enter new name. (Default extension: tex)

Enter file name: 
c:/Users/jonat/Documents/Najan/najan.tex:1: Emergency stop.
<read *> 
         
l.1 \input{common-header}
                         ^^M
*** (cannot \read from terminal in nonstop modes)

 
Here is how much of TeX's memory you used:
 19 strings out of 475748
 426 string characters out of 5802711
 333693 words of memory out of 5000000
 21301 multiletter control sequences out of 15000+600000
 469259 words of font info for 28 fonts, out of 8000000 for 9000
 1348 hyphenation exceptions out of 8191
 18i,0n,26p,96b,16s stack positions out of 10000i,1000n,20000p,200000b,200000s
No pages of output.
